#
# There is insufficient memory for the Java Runtime Environment to continue.
# Native memory allocation (malloc) failed to allocate 524288 bytes for AllocateHeap
# Possible reasons:
#   The system is out of physical RAM or swap space
#   The process is running with CompressedOops enabled, and the Java Heap may be blocking the growth of the native heap
# Possible solutions:
#   Reduce memory load on the system
#   Increase physical memory or swap space
#   Check if swap backing store is full
#   Decrease Java heap size (-Xmx/-Xms)
#   Decrease number of Java threads
#   Decrease Java thread stack sizes (-Xss)
#   Set larger code cache with -XX:ReservedCodeCacheSize=
#   JVM is running with Unscaled Compressed Oops mode in which the Java heap is
#     placed in the first 4GB address space. The Java Heap base address is the
#     maximum limit for the native heap growth. Please use -XX:HeapBaseMinAddress
#     to set the Java Heap base and to place the Java Heap above 4GB virtual address.
# This output file may be truncated or incomplete.
#
#  Out of Memory Error (./src/hotspot/share/memory/allocation.cpp:46), pid=25320, tid=12124
#
# JRE version:  (11.0.13) (build )
# Java VM: OpenJDK 64-Bit Server VM (11.0.13+0-b1751.21-8125866, mixed mode, tiered, compressed oops, g1 gc, windows-amd64)
# No core dump will be written. Minidumps are not enabled by default on client versions of Windows
#

---------------  S U M M A R Y ------------

Command Line: 

Host: Intel(R) Core(TM) i7-4790 CPU @ 3.60GHz, 8 cores, 7G,  Windows 10 , 64 bit Build 19041 (10.0.19041.2364)
Time: Sat Dec 31 16:33:51 2022 Türkiye Standart Saati elapsed time: 0.022901 seconds (0d 0h 0m 0s)

---------------  T H R E A D  ---------------

Current thread (0x000001f52cdc0000):  JavaThread "Unknown thread" [_thread_in_vm, id=12124, stack(0x0000008f14e00000,0x0000008f14f00000)]

Stack: [0x0000008f14e00000,0x0000008f14f00000]
Native frames: (J=compiled Java code, j=interpreted, Vv=VM code, C=native code)
V  [jvm.dll+0x6100fa]
V  [jvm.dll+0x747090]
V  [jvm.dll+0x7486ad]
V  [jvm.dll+0x748d83]
V  [jvm.dll+0x24ab48]
V  [jvm.dll+0xb7984]
V  [jvm.dll+0x6a037f]
V  [jvm.dll+0x6a0317]
V  [jvm.dll+0x6a049a]
V  [jvm.dll+0x723812]
V  [jvm.dll+0x725c37]
V  [jvm.dll+0x364629]
V  [jvm.dll+0x707cee]
V  [jvm.dll+0x3d2633]
V  [jvm.dll+0x3d4a21]
C  [jli.dll+0x536b]
C  [ucrtbase.dll+0x21bb2]
C  [KERNEL32.DLL+0x17614]
C  [ntdll.dll+0x526a1]


---------------  P R O C E S S  ---------------

Threads class SMR info:
_java_thread_list=0x000001f52ccbf530, length=0, elements={
}

Java Threads: ( => current thread )

Other Threads:
  0x000001f52cdd2000 GCTaskThread "GC Thread#0" [stack: 0x0000008f14f00000,0x0000008f15000000] [id=11780]
  0x000001f52ce02000 ConcurrentGCThread "G1 Main Marker" [stack: 0x0000008f15000000,0x0000008f15100000] [id=27688]
  0x000001f52ce04800 ConcurrentGCThread "G1 Conc#0" [stack: 0x0000008f15100000,0x0000008f15200000] [id=3504]
  0x000001f548fd0800 ConcurrentGCThread "G1 Refine#0" [stack: 0x0000008f15200000,0x0000008f15300000] [id=23380]
  0x000001f548fd1800 ConcurrentGCThread "G1 Young RemSet Sampling" [stack: 0x0000008f15300000,0x0000008f15400000] [id=536]

=>0x000001f52cdc0000 (exited) JavaThread "Unknown thread" [_thread_in_vm, id=12124, stack(0x0000008f14e00000,0x0000008f14f00000)]

Threads with active compile tasks:

VM state:not at safepoint (not fully initialized)

VM Mutex/Monitor currently owned by a thread: None

Heap address: 0x0000000081a00000, size: 2022 MB, Compressed Oops mode: 32-bit
Narrow klass base: 0x0000000000000000, Narrow klass shift: 3
Compressed class space size: 1073741824 Address: 0x0000000100000000

GC Heap History (0 events):
No events

Deoptimization events (0 events):
No events

Classes redefined (0 events):
No events

Internal exceptions (0 events):
No events

Events (1 events):
Event: 0.012 Loaded shared library D:\androidstudo\jre\bin\zip.dll


Dynamic libraries:
0x00007ff76b2a0000 - 0x00007ff76b2aa000 	D:\androidstudo\jre\bin\java.exe
0x00007ffad0330000 - 0x00007ffad0528000 	C:\WINDOWS\SYSTEM32\ntdll.dll
0x00007ffacf1a0000 - 0x00007ffacf25f000 	C:\WINDOWS\System32\KERNEL32.DLL
0x00007fface060000 - 0x00007fface332000 	C:\WINDOWS\System32\KERNELBASE.dll
0x00007ffacdcc0000 - 0x00007ffacddc0000 	C:\WINDOWS\System32\ucrtbase.dll
0x00007ffab5dc0000 - 0x00007ffab5dd9000 	D:\androidstudo\jre\bin\jli.dll
0x00007ffacedd0000 - 0x00007ffacef71000 	C:\WINDOWS\System32\USER32.dll
0x00007fface030000 - 0x00007fface052000 	C:\WINDOWS\System32\win32u.dll
0x00007fface5b0000 - 0x00007fface5db000 	C:\WINDOWS\System32\GDI32.dll
0x00007ffacdbb0000 - 0x00007ffacdcbf000 	C:\WINDOWS\System32\gdi32full.dll
0x00007ffacdf90000 - 0x00007fface02d000 	C:\WINDOWS\System32\msvcp_win.dll
0x00007ffab5a40000 - 0x00007ffab5a57000 	D:\androidstudo\jre\bin\VCRUNTIME140.dll
0x00007ffab6a20000 - 0x00007ffab6cba000 	C:\WINDOWS\WinSxS\amd64_microsoft.windows.common-controls_6595b64144ccf1df_6.0.19041.1110_none_60b5254171f9507e\COMCTL32.dll
0x00007ffacf290000 - 0x00007ffacf32e000 	C:\WINDOWS\System32\msvcrt.dll
0x00007ffacec50000 - 0x00007ffacec82000 	C:\WINDOWS\System32\IMM32.DLL
0x00007ffaa13e0000 - 0x00007ffaa147d000 	D:\androidstudo\jre\bin\msvcp140.dll
0x00007ffa57900000 - 0x00007ffa58402000 	D:\androidstudo\jre\bin\server\jvm.dll
0x00007ffad01c0000 - 0x00007ffad026e000 	C:\WINDOWS\System32\ADVAPI32.dll
0x00007fface370000 - 0x00007fface40c000 	C:\WINDOWS\System32\sechost.dll
0x00007ffacf860000 - 0x00007ffacf985000 	C:\WINDOWS\System32\RPCRT4.dll
0x00007fface540000 - 0x00007fface548000 	C:\WINDOWS\System32\PSAPI.DLL
0x00007ffac0ba0000 - 0x00007ffac0ba9000 	C:\WINDOWS\SYSTEM32\WSOCK32.dll
0x00007ffacef80000 - 0x00007ffacefeb000 	C:\WINDOWS\System32\WS2_32.dll
0x00007ffac7c40000 - 0x00007ffac7c4a000 	C:\WINDOWS\SYSTEM32\VERSION.dll
0x00007ffac2da0000 - 0x00007ffac2dc7000 	C:\WINDOWS\SYSTEM32\WINMM.dll
0x00007ffacb900000 - 0x00007ffacb912000 	C:\WINDOWS\SYSTEM32\kernel.appcore.dll
0x00007ffab4dc0000 - 0x00007ffab4dd1000 	D:\androidstudo\jre\bin\verify.dll
0x00007ffac7050000 - 0x00007ffac7234000 	C:\WINDOWS\SYSTEM32\DBGHELP.DLL
0x00007ffac7390000 - 0x00007ffac73c5000 	C:\WINDOWS\SYSTEM32\dbgcore.DLL
0x00007ffacdb20000 - 0x00007ffacdba2000 	C:\WINDOWS\System32\bcryptPrimitives.dll
0x00007ffab2880000 - 0x00007ffab28a9000 	D:\androidstudo\jre\bin\java.dll
0x00007ffabfa30000 - 0x00007ffabfa3b000 	D:\androidstudo\jre\bin\jimage.dll
0x00007ffab4d20000 - 0x00007ffab4d38000 	D:\androidstudo\jre\bin\zip.dll

dbghelp: loaded successfully - version: 4.0.5 - missing functions: none
symbol engine: initialized successfully - sym options: 0x614 - pdb path: .;D:\androidstudo\jre\bin;C:\WINDOWS\SYSTEM32;C:\WINDOWS\WinSxS\amd64_microsoft.windows.common-controls_6595b64144ccf1df_6.0.19041.1110_none_60b5254171f9507e;D:\androidstudo\jre\bin\server

VM Arguments:
java_command: <unknown>
java_class_path (initial): <not set>
Launcher Type: SUN_STANDARD

[Global flags]
     intx CICompilerCount                          = 4                                         {product} {ergonomic}
     uint ConcGCThreads                            = 2                                         {product} {ergonomic}
     uint G1ConcRefinementThreads                  = 8                                         {product} {ergonomic}
   size_t G1HeapRegionSize                         = 1048576                                   {product} {ergonomic}
    uintx GCDrainStackTargetSize                   = 64                                        {product} {ergonomic}
   size_t InitialHeapSize                          = 134217728                                 {product} {ergonomic}
   size_t MarkStackSize                            = 4194304                                   {product} {ergonomic}
   size_t MaxHeapSize                              = 2120220672                                {product} {ergonomic}
   size_t MaxNewSize                               = 1271922688                                {product} {ergonomic}
   size_t MinHeapDeltaBytes                        = 1048576                                   {product} {ergonomic}
    uintx NonNMethodCodeHeapSize                   = 5836300                                {pd product} {ergonomic}
    uintx NonProfiledCodeHeapSize                  = 122910970                              {pd product} {ergonomic}
    uintx ProfiledCodeHeapSize                     = 122910970                              {pd product} {ergonomic}
    uintx ReservedCodeCacheSize                    = 251658240                              {pd product} {ergonomic}
     bool SegmentedCodeCache                       = true                                      {product} {ergonomic}
     bool UseCompressedClassPointers               = true                                 {lp64_product} {ergonomic}
     bool UseCompressedOops                        = true                                 {lp64_product} {ergonomic}
     bool UseG1GC                                  = true                                      {product} {ergonomic}
     bool UseLargePagesIndividualAllocation        = false                                  {pd product} {ergonomic}

Logging:
Log output configuration:
 #0: stdout all=warning uptime,level,tags
 #1: stderr all=off uptime,level,tags

Environment Variables:
PATH=D:\androidstudo\jre\bin;C:\Users\klkil\Desktop\python\Scripts\;C:\Users\klkil\Desktop\python\;C:\Program Files (x86)\NVIDIA Corporation\PhysX\Common;C:\ProgramData\Oracle\Java\javapath;C:\WINDOWS\system32;C:\WINDOWS;C:\WINDOWS\System32\Wbem;C:\WINDOWS\System32\WindowsPowerShell\v1.0\;C:\WINDOWS\System32\OpenSSH\;D:\Git\cmd;C:\Program Files\dotnet\;C:\Program Files\nodejs\;C:\Users\klkil\AppData\Local\Microsoft\WindowsApps;C:\Users\klkil\AppData\Local\Programs\Microsoft VS Code\bin;F:\vscodee\Microsoft VS Code\bin;C:\Users\klkil\AppData\Local\gitkraken\bin;C:\Users\klkil\AppData\Local\GitHubDesktop\bin;C:\Users\klkil\.dotnet\tools;C:\src\bin;C:\src\bin;C:\Users\klkil\AppData\Roaming\npm;C:\src\bin\mingit\cmd
USERNAME=klkil
OS=Windows_NT
PROCESSOR_IDENTIFIER=Intel64 Family 6 Model 60 Stepping 3, GenuineIntel



---------------  S Y S T E M  ---------------

OS: Windows 10 , 64 bit Build 19041 (10.0.19041.2364)
OS uptime: 13 days 1:09 hours

CPU:total 8 (initial active 8) (4 cores per cpu, 2 threads per core) family 6 model 60 stepping 3 microcode 0x27, cmov, cx8, fxsr, mmx, sse, sse2, sse3, ssse3, sse4.1, sse4.2, popcnt, avx, avx2, aes, clmul, erms, lzcnt, ht, tsc, tscinvbit, bmi1, bmi2, fma

Memory: 4k page, system-wide physical 8086M (1193M free)
TotalPageFile size 16186M (AvailPageFile size 414M)
current process WorkingSet (physical memory assigned to process): 15M, peak: 15M
current process commit charge ("private bytes"): 194M, peak: 194M

vm_info: OpenJDK 64-Bit Server VM (11.0.13+0-b1751.21-8125866) for windows-amd64 JRE (11.0.13+0-b1751.21-8125866), built on Feb  2 2022 03:00:22 by "builder" with MS VC++ 14.0 (VS2015)

END.
